<?xml version="1.0" encoding="UTF-8"?>
<testng-results ignored="0" total="1" passed="1" failed="0" skipped="0">
  <reporter-output>
  </reporter-output>
  <suite started-at="2025-01-15T12:25:35 IST" name="SmokeTestSuite" finished-at="2025-01-15T12:26:58 IST" duration-ms="83256">
    <groups>
    </groups>
    <test started-at="2025-01-15T12:25:35 IST" name="VerifySearchTest" finished-at="2025-01-15T12:26:58 IST" duration-ms="83256">
      <class name="com.edu.tests.smoke.Verify_Search">
        <test-method is-config="true" signature="setUp()[pri:0, instance:com.edu.tests.smoke.Verify_Search@d9345cd]" started-at="2025-01-15T12:25:35 IST" name="setUp" finished-at="2025-01-15T12:25:43 IST" duration-ms="7921" status="PASS">
          <reporter-output>
          </reporter-output>
        </test-method> <!-- setUp -->
        <test-method signature="verifySearchFunctionality()[pri:0, instance:com.edu.tests.smoke.Verify_Search@d9345cd]" started-at="2025-01-15T12:25:43 IST" name="verifySearchFunctionality" finished-at="2025-01-15T12:26:58 IST" duration-ms="75167" status="PASS">
          <reporter-output>
          </reporter-output>
        </test-method> <!-- verifySearchFunctionality -->
        <test-method is-config="true" signature="tearDown()[pri:0, instance:com.edu.tests.smoke.Verify_Search@d9345cd]" started-at="2025-01-15T12:26:58 IST" name="tearDown" finished-at="2025-01-15T12:26:58 IST" duration-ms="146" status="PASS">
          <reporter-output>
          </reporter-output>
        </test-method> <!-- tearDown -->
      </class> <!-- com.edu.tests.smoke.Verify_Search -->
    </test> <!-- VerifySearchTest -->
  </suite> <!-- SmokeTestSuite -->
</testng-results>
