<?xml version="1.0" encoding="UTF-8"?>
<testng-results ignored="0" total="1" passed="1" failed="0" skipped="0">
  <reporter-output>
  </reporter-output>
  <suite started-at="2025-01-15T12:23:31 IST" name="SmokeTestSuite" finished-at="2025-01-15T12:24:05 IST" duration-ms="33789">
    <groups>
    </groups>
    <test started-at="2025-01-15T12:23:31 IST" name="VerifySearchTest" finished-at="2025-01-15T12:24:05 IST" duration-ms="33789">
      <class name="com.edu.tests.smoke.Verify_Search">
        <test-method is-config="true" signature="setUp()[pri:0, instance:com.edu.tests.smoke.Verify_Search@31ea9581]" started-at="2025-01-15T12:23:31 IST" name="setUp" finished-at="2025-01-15T12:23:42 IST" duration-ms="10746" status="PASS">
          <reporter-output>
          </reporter-output>
        </test-method> <!-- setUp -->
        <test-method signature="verifySearchFunctionality()[pri:0, instance:com.edu.tests.smoke.Verify_Search@31ea9581]" started-at="2025-01-15T12:23:42 IST" name="verifySearchFunctionality" finished-at="2025-01-15T12:24:04 IST" duration-ms="22903" status="PASS">
          <reporter-output>
          </reporter-output>
        </test-method> <!-- verifySearchFunctionality -->
        <test-method is-config="true" signature="tearDown()[pri:0, instance:com.edu.tests.smoke.Verify_Search@31ea9581]" started-at="2025-01-15T12:24:04 IST" name="tearDown" finished-at="2025-01-15T12:24:05 IST" duration-ms="118" status="PASS">
          <reporter-output>
          </reporter-output>
        </test-method> <!-- tearDown -->
      </class> <!-- com.edu.tests.smoke.Verify_Search -->
    </test> <!-- VerifySearchTest -->
  </suite> <!-- SmokeTestSuite -->
</testng-results>
